G:\GitHub\Samah\WebUI 7-2-2021 - Temp\WebUI\WebUI\ClientApp\AjaxCaller.js
G:\GitHub\Samah\WebUI 7-2-2021 - Temp\WebUI\WebUI\ClientApp\AjaxCaller.js.map
G:\GitHub\Samah\WebUI 7-2-2021 - Temp\WebUI\WebUI\ClientApp\App.js
G:\GitHub\Samah\WebUI 7-2-2021 - Temp\WebUI\WebUI\ClientApp\App.js.map
G:\GitHub\Samah\WebUI 7-2-2021 - Temp\WebUI\WebUI\ClientApp\ClientGeneralTools.js
G:\GitHub\Samah\WebUI 7-2-2021 - Temp\WebUI\WebUI\ClientApp\ClientGeneralTools.js.map
G:\GitHub\Samah\WebUI 7-2-2021 - Temp\WebUI\WebUI\ClientApp\CustomEntities.js
G:\GitHub\Samah\WebUI 7-2-2021 - Temp\WebUI\WebUI\ClientApp\CustomEntities.js.map
G:\GitHub\Samah\WebUI 7-2-2021 - Temp\WebUI\WebUI\ClientApp\DataTable.js
G:\GitHub\Samah\WebUI 7-2-2021 - Temp\WebUI\WebUI\ClientApp\DataTable.js.map
G:\GitHub\Samah\WebUI 7-2-2021 - Temp\WebUI\WebUI\ClientApp\Entities.js
G:\GitHub\Samah\WebUI 7-2-2021 - Temp\WebUI\WebUI\ClientApp\Entities.js.map
G:\GitHub\Samah\WebUI 7-2-2021 - Temp\WebUI\WebUI\ClientApp\IgGrid.js
G:\GitHub\Samah\WebUI 7-2-2021 - Temp\WebUI\WebUI\ClientApp\IgGrid.js.map
G:\GitHub\Samah\WebUI 7-2-2021 - Temp\WebUI\WebUI\ClientApp\JsGrid.js
G:\GitHub\Samah\WebUI 7-2-2021 - Temp\WebUI\WebUI\ClientApp\JsGrid.js.map
G:\GitHub\Samah\WebUI 7-2-2021 - Temp\WebUI\WebUI\ClientApp\MessageBox.js
G:\GitHub\Samah\WebUI 7-2-2021 - Temp\WebUI\WebUI\ClientApp\MessageBox.js.map
G:\GitHub\Samah\WebUI 7-2-2021 - Temp\WebUI\WebUI\ClientApp\Home\Home.js
G:\GitHub\Samah\WebUI 7-2-2021 - Temp\WebUI\WebUI\ClientApp\Home\Home.js.map
G:\GitHub\Samah\WebUI 7-2-2021 - Temp\WebUI\WebUI\ClientApp\Shared.js
G:\GitHub\Samah\WebUI 7-2-2021 - Temp\WebUI\WebUI\ClientApp\Shared.js.map
G:\GitHub\Samah\WebUI 7-2-2021 - Temp\WebUI\WebUI\ClientApp\SystemTools.js
G:\GitHub\Samah\WebUI 7-2-2021 - Temp\WebUI\WebUI\ClientApp\SystemTools.js.map
